0 verbose cli C:\Program Files\nodejs\node.exe C:\Users\jacalvar\AppData\Roaming\npm\node_modules\npm\bin\npm-cli.js
1 info using npm@9.3.1
2 info using node@v20.10.0
3 timing npm:load:whichnode Completed in 2ms
4 timing config:load:defaults Completed in 2ms
5 timing config:load:file:C:\Users\jacalvar\AppData\Roaming\npm\node_modules\npm\npmrc Completed in 4ms
6 timing config:load:builtin Completed in 4ms
7 timing config:load:cli Completed in 1ms
8 timing config:load:env Completed in 0ms
9 timing config:load:file:C:\work\AspNetCore5\.npmrc Completed in 1ms
10 timing config:load:project Completed in 2ms
11 timing config:load:file:C:\Users\jacalvar\.npmrc Completed in 1ms
12 timing config:load:user Completed in 1ms
13 timing config:load:file:C:\Users\jacalvar\AppData\Roaming\npm\etc\npmrc Completed in 0ms
14 timing config:load:global Completed in 1ms
15 timing config:load:setEnvs Completed in 1ms
16 timing config:load Completed in 12ms
17 timing npm:load:configload Completed in 12ms
18 timing npm:load:mkdirpcache Completed in 0ms
19 timing npm:load:mkdirplogs Completed in 0ms
20 verbose title npm config set editor code.cmd
21 verbose argv "config" "set" "editor" "code.cmd"
22 timing npm:load:setTitle Completed in 1ms
23 timing config:load:flatten Completed in 2ms
24 timing npm:load:display Completed in 3ms
25 verbose logfile logs-max:10 dir:C:\work\AspNetCore5\src\submodules\node-externals\cache\_logs\2024-01-19T20_43_44_871Z-
26 verbose logfile C:\work\AspNetCore5\src\submodules\node-externals\cache\_logs\2024-01-19T20_43_44_871Z-debug-0.log
27 timing npm:load:logFile Completed in 4ms
28 timing npm:load:timers Completed in 0ms
29 timing npm:load:configScope Completed in 0ms
30 timing npm:load Completed in 22ms
31 info config set "editor" "code.cmd"
32 silly logfile start cleaning logs, removing 2 files
33 timing config:load:flatten Completed in 0ms
34 timing command:config Completed in 6ms
35 verbose exit 0
36 timing npm Completed in 35ms
37 info ok
