0 verbose cli C:\Program Files\nodejs\node.exe C:\Users\jacalvar\AppData\Roaming\npm\node_modules\npm\bin\npm-cli.js
1 info using npm@9.3.1
2 info using node@v20.10.0
3 timing npm:load:whichnode Completed in 2ms
4 timing config:load:defaults Completed in 1ms
5 timing config:load:file:C:\Users\jacalvar\AppData\Roaming\npm\node_modules\npm\npmrc Completed in 3ms
6 timing config:load:builtin Completed in 4ms
7 timing config:load:cli Completed in 2ms
8 timing config:load:env Completed in 0ms
9 timing config:load:file:C:\work\AspNetCore5\.npmrc Completed in 1ms
10 timing config:load:project Completed in 2ms
11 timing config:load:file:C:\Users\jacalvar\.npmrc Completed in 1ms
12 timing config:load:user Completed in 1ms
13 timing config:load:file:C:\Users\jacalvar\AppData\Roaming\npm\etc\npmrc Completed in 0ms
14 timing config:load:global Completed in 0ms
15 timing config:load:setEnvs Completed in 0ms
16 timing config:load Completed in 11ms
17 timing npm:load:configload Completed in 11ms
18 timing npm:load:mkdirpcache Completed in 1ms
19 timing npm:load:mkdirplogs Completed in 0ms
20 verbose title npm config edit
21 verbose argv "config" "edit" "--project"
22 timing npm:load:setTitle Completed in 1ms
23 timing config:load:flatten Completed in 2ms
24 timing npm:load:display Completed in 2ms
25 verbose logfile logs-max:10 dir:C:\work\AspNetCore5\src\submodules\node-externals\cache\_logs\2024-01-19T20_43_35_026Z-
26 verbose logfile C:\work\AspNetCore5\src\submodules\node-externals\cache\_logs\2024-01-19T20_43_35_026Z-debug-0.log
27 timing npm:load:logFile Completed in 4ms
28 timing npm:load:timers Completed in 0ms
29 timing npm:load:configScope Completed in 0ms
30 timing npm:load Completed in 21ms
31 silly logfile start cleaning logs, removing 2 files
32 silly logfile done cleaning log files
33 verbose stack Error: spawn code ENOENT
33 verbose stack     at ChildProcess._handle.onexit (node:internal/child_process:286:19)
33 verbose stack     at onErrorNT (node:internal/child_process:484:16)
33 verbose stack     at process.processTicksAndRejections (node:internal/process/task_queues:82:21)
34 verbose cwd C:\work\AspNetCore5
35 verbose Windows_NT 10.0.22631
36 verbose node v20.10.0
37 verbose npm  v9.3.1
38 error code ENOENT
39 error syscall spawn code
40 error path code
41 error errno -4058
42 error enoent spawn code ENOENT
43 error enoent This is related to npm not being able to find a file.
43 error enoent
44 verbose exit -4058
45 timing npm Completed in 42ms
46 verbose unfinished npm timer command:config 1705697015053
47 verbose code -4058
48 error A complete log of this run can be found in:
48 error     C:\work\AspNetCore5\src\submodules\node-externals\cache\_logs\2024-01-19T20_43_35_026Z-debug-0.log
